<?xml version="1.0" encoding="UTF-8"?>
<coverage generated="1437126456">
  <project timestamp="1437126456">
    <package name="IndexBundle\Controller">
      <file name="/home/maglovanyi/WORKSHOP/m.vliegtickets.loc/src/IndexBundle/Controller/DefaultController.php">
        <class name="DefaultController" namespace="IndexBundle\Controller">
          <metrics methods="2" coveredmethods="0" conditionals="0" coveredconditionals="0" statements="6" coveredstatements="0" elements="8" coveredelements="0"/>
        </class>
        <line num="16" type="method" name="indexAction" crap="2" count="0"/>
        <line num="17" type="stmt" count="0"/>
        <line num="18" type="stmt" count="0"/>
        <line num="19" type="stmt" count="0"/>
        <line num="25" type="method" name="templateAction" crap="2" count="0"/>
        <line num="26" type="stmt" count="0"/>
        <line num="27" type="stmt" count="0"/>
        <line num="28" type="stmt" count="0"/>
        <metrics loc="29" ncloc="21" classes="1" methods="2" coveredmethods="0" conditionals="0" coveredconditionals="0" statements="6" coveredstatements="0" elements="8" coveredelements="0"/>
      </file>
    </package>
    <package name="IndexBundle\DependencyInjection">
      <file name="/home/maglovanyi/WORKSHOP/m.vliegtickets.loc/src/IndexBundle/DependencyInjection/Configuration.php">
        <class name="Configuration" namespace="IndexBundle\DependencyInjection">
          <metrics methods="1" coveredmethods="0" conditionals="0" coveredconditionals="0" statements="5" coveredstatements="0" elements="6" coveredelements="0"/>
        </class>
        <line num="18" type="method" name="getConfigTreeBuilder" crap="2" count="0"/>
        <line num="19" type="stmt" count="0"/>
        <line num="20" type="stmt" count="0"/>
        <line num="21" type="stmt" count="0"/>
        <line num="27" type="stmt" count="0"/>
        <line num="28" type="stmt" count="0"/>
        <metrics loc="29" ncloc="15" classes="1" methods="1" coveredmethods="0" conditionals="0" coveredconditionals="0" statements="5" coveredstatements="0" elements="6" coveredelements="0"/>
      </file>
      <file name="/home/maglovanyi/WORKSHOP/m.vliegtickets.loc/src/IndexBundle/DependencyInjection/IndexExtension.php">
        <class name="IndexExtension" namespace="IndexBundle\DependencyInjection">
          <metrics methods="1" coveredmethods="0" conditionals="0" coveredconditionals="0" statements="6" coveredstatements="0" elements="7" coveredelements="0"/>
        </class>
        <line num="20" type="method" name="load" crap="2" count="0"/>
        <line num="21" type="stmt" count="0"/>
        <line num="22" type="stmt" count="0"/>
        <line num="23" type="stmt" count="0"/>
        <line num="25" type="stmt" count="0"/>
        <line num="26" type="stmt" count="0"/>
        <line num="27" type="stmt" count="0"/>
        <metrics loc="28" ncloc="20" classes="1" methods="1" coveredmethods="0" conditionals="0" coveredconditionals="0" statements="6" coveredstatements="0" elements="7" coveredelements="0"/>
      </file>
    </package>
    <package name="IndexBundle">
      <file name="/home/maglovanyi/WORKSHOP/m.vliegtickets.loc/src/IndexBundle/IndexBundle.php">
        <class name="IndexBundle" namespace="IndexBundle">
          <metrics methods="0" coveredmethods="0" conditionals="0" coveredconditionals="0" statements="0" coveredstatements="0" elements="0" coveredelements="0"/>
        </class>
        <metrics loc="28" ncloc="-6" classes="1" methods="0" coveredmethods="0" conditionals="0" coveredconditionals="0" statements="0" coveredstatements="0" elements="0" coveredelements="0"/>
      </file>
    </package>
    <package name="IndexBundle\Tests\Controller">
      <file name="/home/maglovanyi/WORKSHOP/m.vliegtickets.loc/src/IndexBundle/Tests/Controller/DefaultControllerTest.php">
        <class name="DefaultControllerTest" namespace="IndexBundle\Tests\Controller">
          <metrics methods="1" coveredmethods="0" conditionals="0" coveredconditionals="0" statements="5" coveredstatements="0" elements="6" coveredelements="0"/>
        </class>
        <line num="9" type="method" name="testIndex" crap="2" count="0"/>
        <line num="10" type="stmt" count="0"/>
        <line num="11" type="stmt" count="0"/>
        <line num="13" type="stmt" count="0"/>
        <line num="15" type="stmt" count="0"/>
        <line num="16" type="stmt" count="0"/>
        <metrics loc="17" ncloc="17" classes="1" methods="1" coveredmethods="0" conditionals="0" coveredconditionals="0" statements="5" coveredstatements="0" elements="6" coveredelements="0"/>
      </file>
    </package>
    <metrics files="5" loc="131" ncloc="67" classes="5" methods="5" coveredmethods="0" conditionals="0" coveredconditionals="0" statements="22" coveredstatements="0" elements="27" coveredelements="0"/>
  </project>
</coverage>
